Added Component: Designator=J1(SULLINS_PPPC082LFBN-RC)
Add component (AddParameter): Name = "CreatedBy"; Value = "Judd Foster"; VariantName = "[No Variations]"
Add component (AddParameter): Name = "HelpURL"; Value = "https://mm.digikey.com/Volume0/opasdata/d220001/medias/docus/937/Female_Headers.100_DS.pdf"; VariantName = "[No Variations]"
Add component (AddParameter): Name = "Manufacturer 1"; Value = "Sullins Connector Solutions"; VariantName = "[No Variations]"
Add component (AddParameter): Name = "Manufacturer 1 Part Number"; Value = "PPPC082LFBN-RC"; VariantName = "[No Variations]"
Add component (AddParameter): Name = "Part Name"; Value = "Term,Rcpt,2x8 Pin,2.54mm,Top,Thru"; VariantName = "[No Variations]"
Add component (AddParameter): Name = "Vendor 1"; Value = "DigiKey"; VariantName = "[No Variations]"
Add component (AddParameter): Name = "Vendor 1 Part Number"; Value = "S7111-ND"; VariantName = "[No Variations]"
Added Component: Designator=LCD1(DISPLAYTECH_204G CC BC-3LP)
Add component (AddParameter): Name = "CreatedBy"; Value = "Judd Foster"; VariantName = "[No Variations]"
Add component (AddParameter): Name = "HelpURL"; Value = "https://www.seacomp.com/sites/default/files/datasheets/204G-CC-BC-3LP-Displaytech-Spec.pdf"; VariantName = "[No Variations]"
Add component (AddParameter): Name = "Manufacturer 1"; Value = "Displaytech"; VariantName = "[No Variations]"
Add component (AddParameter): Name = "Manufacturer 1 Part Number"; Value = "204G CC BC-3LP"; VariantName = "[No Variations]"
Add component (AddParameter): Name = "Part Name"; Value = "Disp,Char,LCD,20x4,204G CC BC-3LP"; VariantName = "[No Variations]"
Add component (AddParameter): Name = "Vendor 1"; Value = "DigiKey"; VariantName = "[No Variations]"
Add component (AddParameter): Name = "Vendor 1 Part Number"; Value = "1756-204GCCBC-3LP-ND"; VariantName = "[No Variations]"
Added Pin To Net: NetName=LCD.A Pin=LCD1-15
Added Net: Name=LCD.A
Added Pin To Net: NetName=LCD.D0 Pin=LCD1-7
Added Net: Name=LCD.D0
Added Pin To Net: NetName=LCD.D1 Pin=LCD1-8
Added Net: Name=LCD.D1
Added Pin To Net: NetName=LCD.D2 Pin=LCD1-9
Added Net: Name=LCD.D2
Added Pin To Net: NetName=LCD.D3 Pin=LCD1-10
Added Net: Name=LCD.D3
Added Pin To Net: NetName=LCD.D4 Pin=LCD1-11
Added Net: Name=LCD.D4
Added Pin To Net: NetName=LCD.D5 Pin=LCD1-12
Added Net: Name=LCD.D5
Added Pin To Net: NetName=LCD.D6 Pin=LCD1-13
Added Net: Name=LCD.D6
Added Pin To Net: NetName=LCD.D7 Pin=LCD1-14
Added Net: Name=LCD.D7
Added Pin To Net: NetName=LCD.E Pin=LCD1-6
Added Net: Name=LCD.E
Added Pin To Net: NetName=LCD.K Pin=LCD1-16
Added Net: Name=LCD.K
Added Pin To Net: NetName=LCD.RS Pin=LCD1-4
Added Net: Name=LCD.RS
Added Pin To Net: NetName=LCD.RW Pin=LCD1-5
Added Net: Name=LCD.RW
Added Pin To Net: NetName=LCD.VDD Pin=LCD1-2
Added Net: Name=LCD.VDD
Added Pin To Net: NetName=LCD.VO Pin=LCD1-3
Added Net: Name=LCD.VO
Added Pin To Net: NetName=LCD.VSS Pin=LCD1-1
Added Net: Name=LCD.VSS
Added Class: Name=LCD PCB
